<?xml version="1.0" encoding="UTF-8"?>
<testng-results skipped="0" failed="0" ignored="0" total="1" passed="1">
  <reporter-output>
  </reporter-output>
  <suite name="FREE CRM Application Test Automation Test Suite" duration-ms="21712" started-at="2018-01-31T10:29:31Z" finished-at="2018-01-31T10:29:53Z">
    <groups>
    </groups>
    <test name="AIA JOIN App Test Cases" duration-ms="21712" started-at="2018-01-31T10:29:31Z" finished-at="2018-01-31T10:29:53Z">
      <class name="com.aia.join.qa.testcases.SelectmemberTypePageTest">
        <test-method status="PASS" signature="setUp()[pri:0, instance:com.aia.join.qa.testcases.SelectmemberTypePageTest@6a41eaa2]" name="setUp" is-config="true" duration-ms="18134" started-at="2018-01-31T15:59:31Z" finished-at="2018-01-31T15:59:49Z">
          <reporter-output>
          </reporter-output>
        </test-method> <!-- setUp -->
        <test-method status="PASS" signature="selectQualifierClickContinue()[pri:1, instance:com.aia.join.qa.testcases.SelectmemberTypePageTest@6a41eaa2]" name="selectQualifierClickContinue" duration-ms="3554" started-at="2018-01-31T15:59:49Z" finished-at="2018-01-31T15:59:53Z">
          <reporter-output>
          </reporter-output>
        </test-method> <!-- selectQualifierClickContinue -->
      </class> <!-- com.aia.join.qa.testcases.SelectmemberTypePageTest -->
    </test> <!-- AIA JOIN App Test Cases -->
  </suite> <!-- FREE CRM Application Test Automation Test Suite -->
</testng-results>
